<?xml version="1.0" encoding="UTF-8"?>
<robot generator="Robot 3.1.2 (Python 3.8.1 on darwin)" generated="20200103 11:33:01.835" rpa="false">
<suite id="s1" name="TestSuite1" source="/Users/liuzhiqiang/eclipse-workspace/RobotProject1/test/TestSuite1.robot">
<kw name="Log" library="BuiltIn" type="setup">
<doc>Logs the given message with the given level.</doc>
<arguments>
<arg>Inside Test Suite Setup</arg>
</arguments>
<msg timestamp="20200103 11:33:02.081" level="INFO">Inside Test Suite Setup</msg>
<status status="PASS" starttime="20200103 11:33:02.081" endtime="20200103 11:33:02.081"></status>
</kw>
<test id="s1-t1" name="MyFirstTest">
<kw name="Log" library="BuiltIn" type="setup">
<doc>Logs the given message with the given level.</doc>
<arguments>
<arg>Inside Test Setup</arg>
</arguments>
<msg timestamp="20200103 11:33:02.082" level="INFO">Inside Test Setup</msg>
<status status="PASS" starttime="20200103 11:33:02.082" endtime="20200103 11:33:02.082"></status>
</kw>
<kw name="Log" library="BuiltIn">
<doc>Logs the given message with the given level.</doc>
<arguments>
<arg>1st</arg>
</arguments>
<msg timestamp="20200103 11:33:02.083" level="INFO">1st</msg>
<status status="PASS" starttime="20200103 11:33:02.083" endtime="20200103 11:33:02.083"></status>
</kw>
<kw name="Log" library="BuiltIn" type="teardown">
<doc>Logs the given message with the given level.</doc>
<arguments>
<arg>Inside Test Teardown</arg>
</arguments>
<msg timestamp="20200103 11:33:02.083" level="INFO">Inside Test Teardown</msg>
<status status="PASS" starttime="20200103 11:33:02.083" endtime="20200103 11:33:02.084"></status>
</kw>
<tags>
<tag>smoke</tag>
</tags>
<status status="PASS" starttime="20200103 11:33:02.081" endtime="20200103 11:33:02.084" critical="yes"></status>
</test>
<kw name="Log" library="BuiltIn" type="teardown">
<doc>Logs the given message with the given level.</doc>
<arguments>
<arg>Inside Test Suite Teardown</arg>
</arguments>
<msg timestamp="20200103 11:33:02.085" level="INFO">Inside Test Suite Teardown</msg>
<status status="PASS" starttime="20200103 11:33:02.085" endtime="20200103 11:33:02.085"></status>
</kw>
<status status="PASS" starttime="20200103 11:33:01.837" endtime="20200103 11:33:02.085"></status>
</suite>
<statistics>
<total>
<stat pass="1" fail="0">Critical Tests</stat>
<stat pass="1" fail="0">All Tests</stat>
</total>
<tag>
<stat pass="1" fail="0">smoke</stat>
</tag>
<suite>
<stat pass="1" fail="0" id="s1" name="TestSuite1">TestSuite1</stat>
</suite>
</statistics>
<errors>
</errors>
</robot>
